

Version:	3.50
CmdLine:	C:\Users\gabriel.coelho\Pictures\Eu\Meus projetos\EstoqueTI\EstoqueTIApp.exe --l4j-debug
JNI:		No
WOW64:		Yes
Working dir:	C:\Users\gabriel.coelho\Pictures\Eu\Meus projetos\EstoqueTI\.
Requires JDK:	Yes
Requires 64-Bit: Yes
Java min ver:	1.008.000
Java max ver:	
Substitute:	JAVA_HOME = C:\Program Files\Java\jdk-23
Substitute:	PATH = C:\Program Files\Common Files\Oracle\Java\javapath;C:\Program Files (x86)\Common Files\Oracle\Java\java8path;C:\Program Files (x86)\Common Files\Oracle\Java\javapath;C:\Program Files\Eclipse Adoptium\jre-8.0.382.5-hotspot\bin;C:\Windows\system32;C:\Windows;C:\Windows\System32\Wbem;C:\Windows\System32\WindowsPowerShell\v1.0\;C:\Windows\System32\OpenSSH\;C:\Program Files\gs\gs10.00.0\bin;C:\Program Files\Microsoft SQL Server\Client SDK\ODBC\170\Tools\Binn\;C:\Program Files (x86)\HP\HP OCR\DB_Lib\;C:\Program Files\HP\Common\HPDestPlgIn\;C:\Program Files (x86)\HP\Common\HPDestPlgIn\;C:\Program Files (x86)\Microsoft SQL Server\160\Tools\Binn\;C:\Program Files\Microsoft SQL Server\160\Tools\Binn\;C:\Program Files\Microsoft SQL Server\160\DTS\Binn\;C:\Program Files\Amazon\AWSCLIV2\;C:\Terraform;C:\Program Files\Microsoft VS Code\bin;C:\Program Files\dotnet\;C:\Program Files\Java\jdk-23\bin;C:\MinGW\bin;C:\Program Files\Git\cmd;C:\Program Files (x86)\Microsoft SQL Server\160\DTS\Binn\;C:\Program Files (x86)\WiX Toolset v3.14\bin;C:\sqlite3;C:\Users\gabriel.coelho\AppData\Local\Programs\Python\Python312\Scripts\;C:\Users\gabriel.coelho\AppData\Local\Programs\Python\Python312\;C:\Users\gabriel.coelho\AppData\Local\Microsoft\WindowsApps;C:\Program Files\HP\Common\HPDestPlgIn\;C:\Program Files (x86)\HP\Common\HPDestPlgIn\;C:\Program Files\JetBrains\PyCharm Community Edition 2023.3.5\bin;;C:\Program Files\JetBrains\PyCharm 2024.1.3\bin;;C:\Users\gabriel.coelho\AppData\Local\GitHubDesktop\bin;C:\Users\gabriel.coelho\AppData\Local\Programs\oh-my-posh\bin;C:\Program Files\JetBrains\IntelliJ IDEA Community Edition 2024.2.1\bin;;C:\Users\gabriel.coelho\.dotnet\tools;C:\Program Files\Java\jdk-23\bin
JRE paths:	C:\Program Files\Java\jdk-23;C:\Program Files\Common Files\Oracle\Java\javapath;C:\Program Files (x86)\Common Files\Oracle\Java\java8path;C:\Program Files (x86)\Common Files\Oracle\Java\javapath;C:\Program Files\Eclipse Adoptium\jre-8.0.382.5-hotspot\bin;C:\Windows\system32;C:\Windows;C:\Windows\System32\Wbem;C:\Windows\System32\WindowsPowerShell\v1.0\;C:\Windows\System32\OpenSSH\;C:\Program Files\gs\gs10.00.0\bin;C:\Program Files\Microsoft SQL Server\Client SDK\ODBC\170\Tools\Binn\;C:\Program Files (x86)\HP\HP OCR\DB_Lib\;C:\Program Files\HP\Common\HPDestPlgIn\;C:\Program Files (x86)\HP\Common\HPDestPlgIn\;C:\Program Files (x86)\Microsoft SQL Server\160\Tools\Binn\;C:\Program Files\Microsoft SQL Server\160\Tools\Binn\;C:\Program Files\Microsoft SQL Server\160\DTS\Binn\;C:\Program Files\Amazon\AWSCLIV2\;C:\Terraform;C:\Program Files\Microsoft VS Code\bin;C:\Program Files\dotnet\;C:\Program Files\Java\jdk-23\bin;C:\MinGW\bin;C:\Program Files\Git\cmd;C:\Program Files (x86)\Microsoft SQL Server\160\DTS\Binn\;C:\Program Files (x86)\WiX Toolset v3.14\bin;C:\sqlite3;C:\Users\gabriel.coelho\AppData\Local\Programs\Python\Python312\Scripts\;C:\Users\gabriel.coelho\AppData\Local\Programs\Python\Python312\;C:\Users\gabriel.coelho\AppData\Local\Microsoft\WindowsApps;C:\Program Files\HP\Common\HPDestPlgIn\;C:\Program Files (x86)\HP\Common\HPDestPlgIn\;C:\Program Files\JetBrains\PyCharm Community Edition 2023.3.5\bin;;C:\Program Files\JetBrains\PyCharm 2024.1.3\bin;;C:\Users\gabriel.coelho\AppData\Local\GitHubDesktop\bin;C:\Users\gabriel.coelho\AppData\Local\Programs\oh-my-posh\bin;C:\Program Files\JetBrains\IntelliJ IDEA Community Edition 2024.2.1\bin;;C:\Users\gabriel.coelho\.dotnet\tools;C:\Program Files\Java\jdk-23\bin
Check launcher:	C:\Program Files\Java\jdk-23\bin\javaw.exe (OK)
Check javac:	C:\Program Files\Java\jdk-23\bin\javac.exe (OK)
Version string: 1.023.000 / 64-Bit (OK)
Main class:	co.devgabrielc.br.application.Application
Add classpath:	C:\Libs Java\javafx-sdk-23\lib
Add classpath:	C:\Libs Java\sqlite-jdbc-3.48.0.0.jar
Launcher:	C:\Program Files\Java\jdk-23\bin\javaw.exe
Launcher args:	--module-path "C:\Libs Java\javafx-sdk-23\lib" --add-modules javafx.controls,javafx.fxml	 -classpath "C:\Users\gabriel.coelho\Pictures\Eu\Meus projetos\EstoqueTI\EstoqueTIApp.exe;C:\Libs Java\javafx-sdk-23\lib;C:\Libs Java\sqlite-jdbc-3.48.0.0.jar" co.devgabrielc.br.application.Application
Args length:	290/32768 chars
Exit code:	0


Version:	3.50
CmdLine:	C:\Users\gabriel.coelho\Pictures\Eu\Meus projetos\EstoqueTI\EstoqueTIApp.exe --l4j-debug
JNI:		No
WOW64:		Yes
Working dir:	C:\Users\gabriel.coelho\Pictures\Eu\Meus projetos\EstoqueTI\.
Requires JDK:	Yes
Requires 64-Bit: Yes
Java min ver:	1.008.000
Java max ver:	
Substitute:	JAVA_HOME = C:\Program Files\Java\jdk-23
Substitute:	PATH = C:\Program Files\Common Files\Oracle\Java\javapath;C:\Program Files (x86)\Common Files\Oracle\Java\java8path;C:\Program Files (x86)\Common Files\Oracle\Java\javapath;C:\Program Files\Eclipse Adoptium\jre-8.0.382.5-hotspot\bin;C:\Windows\system32;C:\Windows;C:\Windows\System32\Wbem;C:\Windows\System32\WindowsPowerShell\v1.0\;C:\Windows\System32\OpenSSH\;C:\Program Files\gs\gs10.00.0\bin;C:\Program Files\Microsoft SQL Server\Client SDK\ODBC\170\Tools\Binn\;C:\Program Files (x86)\HP\HP OCR\DB_Lib\;C:\Program Files\HP\Common\HPDestPlgIn\;C:\Program Files (x86)\HP\Common\HPDestPlgIn\;C:\Program Files (x86)\Microsoft SQL Server\160\Tools\Binn\;C:\Program Files\Microsoft SQL Server\160\Tools\Binn\;C:\Program Files\Microsoft SQL Server\160\DTS\Binn\;C:\Program Files\Amazon\AWSCLIV2\;C:\Terraform;C:\Program Files\Microsoft VS Code\bin;C:\Program Files\dotnet\;C:\Program Files\Java\jdk-23\bin;C:\MinGW\bin;C:\Program Files\Git\cmd;C:\Program Files (x86)\Microsoft SQL Server\160\DTS\Binn\;C:\Program Files (x86)\WiX Toolset v3.14\bin;C:\sqlite3;C:\Users\gabriel.coelho\AppData\Local\Programs\Python\Python312\Scripts\;C:\Users\gabriel.coelho\AppData\Local\Programs\Python\Python312\;C:\Users\gabriel.coelho\AppData\Local\Microsoft\WindowsApps;C:\Program Files\HP\Common\HPDestPlgIn\;C:\Program Files (x86)\HP\Common\HPDestPlgIn\;C:\Program Files\JetBrains\PyCharm Community Edition 2023.3.5\bin;;C:\Program Files\JetBrains\PyCharm 2024.1.3\bin;;C:\Users\gabriel.coelho\AppData\Local\GitHubDesktop\bin;C:\Users\gabriel.coelho\AppData\Local\Programs\oh-my-posh\bin;C:\Program Files\JetBrains\IntelliJ IDEA Community Edition 2024.2.1\bin;;C:\Users\gabriel.coelho\.dotnet\tools;C:\Program Files\Java\jdk-23\bin
JRE paths:	C:\Program Files\Java\jdk-23;C:\Program Files\Common Files\Oracle\Java\javapath;C:\Program Files (x86)\Common Files\Oracle\Java\java8path;C:\Program Files (x86)\Common Files\Oracle\Java\javapath;C:\Program Files\Eclipse Adoptium\jre-8.0.382.5-hotspot\bin;C:\Windows\system32;C:\Windows;C:\Windows\System32\Wbem;C:\Windows\System32\WindowsPowerShell\v1.0\;C:\Windows\System32\OpenSSH\;C:\Program Files\gs\gs10.00.0\bin;C:\Program Files\Microsoft SQL Server\Client SDK\ODBC\170\Tools\Binn\;C:\Program Files (x86)\HP\HP OCR\DB_Lib\;C:\Program Files\HP\Common\HPDestPlgIn\;C:\Program Files (x86)\HP\Common\HPDestPlgIn\;C:\Program Files (x86)\Microsoft SQL Server\160\Tools\Binn\;C:\Program Files\Microsoft SQL Server\160\Tools\Binn\;C:\Program Files\Microsoft SQL Server\160\DTS\Binn\;C:\Program Files\Amazon\AWSCLIV2\;C:\Terraform;C:\Program Files\Microsoft VS Code\bin;C:\Program Files\dotnet\;C:\Program Files\Java\jdk-23\bin;C:\MinGW\bin;C:\Program Files\Git\cmd;C:\Program Files (x86)\Microsoft SQL Server\160\DTS\Binn\;C:\Program Files (x86)\WiX Toolset v3.14\bin;C:\sqlite3;C:\Users\gabriel.coelho\AppData\Local\Programs\Python\Python312\Scripts\;C:\Users\gabriel.coelho\AppData\Local\Programs\Python\Python312\;C:\Users\gabriel.coelho\AppData\Local\Microsoft\WindowsApps;C:\Program Files\HP\Common\HPDestPlgIn\;C:\Program Files (x86)\HP\Common\HPDestPlgIn\;C:\Program Files\JetBrains\PyCharm Community Edition 2023.3.5\bin;;C:\Program Files\JetBrains\PyCharm 2024.1.3\bin;;C:\Users\gabriel.coelho\AppData\Local\GitHubDesktop\bin;C:\Users\gabriel.coelho\AppData\Local\Programs\oh-my-posh\bin;C:\Program Files\JetBrains\IntelliJ IDEA Community Edition 2024.2.1\bin;;C:\Users\gabriel.coelho\.dotnet\tools;C:\Program Files\Java\jdk-23\bin
Check launcher:	C:\Program Files\Java\jdk-23\bin\javaw.exe (OK)
Check javac:	C:\Program Files\Java\jdk-23\bin\javac.exe (OK)
Version string: 1.023.000 / 64-Bit (OK)
Main class:	co.devgabrielc.br.application.Application
Add classpath:	C:\Libs Java\javafx-sdk-23\lib
Add classpath:	C:\Libs Java\sqlite-jdbc-3.48.0.0.jar
Launcher:	C:\Program Files\Java\jdk-23\bin\javaw.exe
Launcher args:	--module-path "C:\Libs Java\javafx-sdk-23\lib" --add-modules javafx.controls,javafx.fxml	 -classpath "C:\Users\gabriel.coelho\Pictures\Eu\Meus projetos\EstoqueTI\EstoqueTIApp.exe;C:\Libs Java\javafx-sdk-23\lib;C:\Libs Java\sqlite-jdbc-3.48.0.0.jar" co.devgabrielc.br.application.Application
Args length:	290/32768 chars
Exit code:	0


Version:	3.50
CmdLine:	C:\Users\gabriel.coelho\Pictures\Eu\Meus projetos\EstoqueTI\EstoqueTIApp.exe --l4j-debug
JNI:		No
WOW64:		Yes
Working dir:	C:\Users\gabriel.coelho\Pictures\Eu\Meus projetos\EstoqueTI\.
Requires JDK:	Yes
Requires 64-Bit: Yes
Java min ver:	1.008.000
Java max ver:	
Substitute:	JAVA_HOME = C:\Program Files\Java\jdk-23
Substitute:	PATH = C:\Program Files\Common Files\Oracle\Java\javapath;C:\Program Files (x86)\Common Files\Oracle\Java\java8path;C:\Program Files (x86)\Common Files\Oracle\Java\javapath;C:\Program Files\Eclipse Adoptium\jre-8.0.382.5-hotspot\bin;C:\Windows\system32;C:\Windows;C:\Windows\System32\Wbem;C:\Windows\System32\WindowsPowerShell\v1.0\;C:\Windows\System32\OpenSSH\;C:\Program Files\gs\gs10.00.0\bin;C:\Program Files\Microsoft SQL Server\Client SDK\ODBC\170\Tools\Binn\;C:\Program Files (x86)\HP\HP OCR\DB_Lib\;C:\Program Files\HP\Common\HPDestPlgIn\;C:\Program Files (x86)\HP\Common\HPDestPlgIn\;C:\Program Files (x86)\Microsoft SQL Server\160\Tools\Binn\;C:\Program Files\Microsoft SQL Server\160\Tools\Binn\;C:\Program Files\Microsoft SQL Server\160\DTS\Binn\;C:\Program Files\Amazon\AWSCLIV2\;C:\Terraform;C:\Program Files\Microsoft VS Code\bin;C:\Program Files\dotnet\;C:\Program Files\Java\jdk-23\bin;C:\MinGW\bin;C:\Program Files\Git\cmd;C:\Program Files (x86)\Microsoft SQL Server\160\DTS\Binn\;C:\Program Files (x86)\WiX Toolset v3.14\bin;C:\sqlite3;C:\Users\gabriel.coelho\AppData\Local\Programs\Python\Python312\Scripts\;C:\Users\gabriel.coelho\AppData\Local\Programs\Python\Python312\;C:\Users\gabriel.coelho\AppData\Local\Microsoft\WindowsApps;C:\Program Files\HP\Common\HPDestPlgIn\;C:\Program Files (x86)\HP\Common\HPDestPlgIn\;C:\Program Files\JetBrains\PyCharm Community Edition 2023.3.5\bin;;C:\Program Files\JetBrains\PyCharm 2024.1.3\bin;;C:\Users\gabriel.coelho\AppData\Local\GitHubDesktop\bin;C:\Users\gabriel.coelho\AppData\Local\Programs\oh-my-posh\bin;C:\Program Files\JetBrains\IntelliJ IDEA Community Edition 2024.2.1\bin;;C:\Users\gabriel.coelho\.dotnet\tools;C:\Program Files\Java\jdk-23\bin
JRE paths:	C:\Program Files\Java\jdk-23;C:\Program Files\Common Files\Oracle\Java\javapath;C:\Program Files (x86)\Common Files\Oracle\Java\java8path;C:\Program Files (x86)\Common Files\Oracle\Java\javapath;C:\Program Files\Eclipse Adoptium\jre-8.0.382.5-hotspot\bin;C:\Windows\system32;C:\Windows;C:\Windows\System32\Wbem;C:\Windows\System32\WindowsPowerShell\v1.0\;C:\Windows\System32\OpenSSH\;C:\Program Files\gs\gs10.00.0\bin;C:\Program Files\Microsoft SQL Server\Client SDK\ODBC\170\Tools\Binn\;C:\Program Files (x86)\HP\HP OCR\DB_Lib\;C:\Program Files\HP\Common\HPDestPlgIn\;C:\Program Files (x86)\HP\Common\HPDestPlgIn\;C:\Program Files (x86)\Microsoft SQL Server\160\Tools\Binn\;C:\Program Files\Microsoft SQL Server\160\Tools\Binn\;C:\Program Files\Microsoft SQL Server\160\DTS\Binn\;C:\Program Files\Amazon\AWSCLIV2\;C:\Terraform;C:\Program Files\Microsoft VS Code\bin;C:\Program Files\dotnet\;C:\Program Files\Java\jdk-23\bin;C:\MinGW\bin;C:\Program Files\Git\cmd;C:\Program Files (x86)\Microsoft SQL Server\160\DTS\Binn\;C:\Program Files (x86)\WiX Toolset v3.14\bin;C:\sqlite3;C:\Users\gabriel.coelho\AppData\Local\Programs\Python\Python312\Scripts\;C:\Users\gabriel.coelho\AppData\Local\Programs\Python\Python312\;C:\Users\gabriel.coelho\AppData\Local\Microsoft\WindowsApps;C:\Program Files\HP\Common\HPDestPlgIn\;C:\Program Files (x86)\HP\Common\HPDestPlgIn\;C:\Program Files\JetBrains\PyCharm Community Edition 2023.3.5\bin;;C:\Program Files\JetBrains\PyCharm 2024.1.3\bin;;C:\Users\gabriel.coelho\AppData\Local\GitHubDesktop\bin;C:\Users\gabriel.coelho\AppData\Local\Programs\oh-my-posh\bin;C:\Program Files\JetBrains\IntelliJ IDEA Community Edition 2024.2.1\bin;;C:\Users\gabriel.coelho\.dotnet\tools;C:\Program Files\Java\jdk-23\bin
Check launcher:	C:\Program Files\Java\jdk-23\bin\javaw.exe (OK)
Check javac:	C:\Program Files\Java\jdk-23\bin\javac.exe (OK)
Version string: 1.023.000 / 64-Bit (OK)
Main class:	co.devgabrielc.br.application.Application
Add classpath:	C:\Libs Java\javafx-sdk-23\lib
Add classpath:	C:\Libs Java\sqlite-jdbc-3.48.0.0.jar
Launcher:	C:\Program Files\Java\jdk-23\bin\javaw.exe
Launcher args:	--module-path "C:\Libs Java\javafx-sdk-23\lib" --add-modules javafx.controls,javafx.fxml	 -classpath "C:\Users\gabriel.coelho\Pictures\Eu\Meus projetos\EstoqueTI\EstoqueTIApp.exe;C:\Libs Java\javafx-sdk-23\lib;C:\Libs Java\sqlite-jdbc-3.48.0.0.jar" co.devgabrielc.br.application.Application
Args length:	290/32768 chars
Exit code:	0
